<?xml version="1.0" encoding="UTF-8"?>
<testng-results ignored="0" total="2" passed="2" failed="0" skipped="0">
  <reporter-output>
  </reporter-output>
  <suite started-at="2025-01-30T07:17:43 IST" name="Default suite" finished-at="2025-01-30T07:17:45 IST" duration-ms="2101">
    <groups>
    </groups>
    <test started-at="2025-01-30T07:17:43 IST" name="Default test" finished-at="2025-01-30T07:17:45 IST" duration-ms="2101">
      <class name="firstGetRequest">
        <test-method signature="test2()[pri:0, instance:firstGetRequest@223191a6]" started-at="2025-01-30T07:17:43 IST" name="test2" finished-at="2025-01-30T07:17:45 IST" duration-ms="1938" status="PASS">
          <reporter-output>
          </reporter-output>
        </test-method> <!-- test2 -->
        <test-method signature="testCase()[pri:0, instance:firstGetRequest@223191a6]" started-at="2025-01-30T07:17:45 IST" name="testCase" finished-at="2025-01-30T07:17:45 IST" duration-ms="113" status="PASS">
          <reporter-output>
          </reporter-output>
        </test-method> <!-- testCase -->
      </class> <!-- firstGetRequest -->
    </test> <!-- Default test -->
  </suite> <!-- Default suite -->
</testng-results>
