<?xml version="1.0" encoding="UTF-8"?>
<testng-results ignored="0" total="1" passed="1" failed="0" skipped="0">
  <reporter-output>
  </reporter-output>
  <suite started-at="2025-01-27T18:58:19 IST" name="Default suite" finished-at="2025-01-27T18:58:21 IST" duration-ms="2019">
    <groups>
    </groups>
    <test started-at="2025-01-27T18:58:19 IST" name="Default test" finished-at="2025-01-27T18:58:21 IST" duration-ms="2019">
      <class name="firstGetRequest">
        <test-method signature="testCase()[pri:0, instance:firstGetRequest@223191a6]" started-at="2025-01-27T18:58:19 IST" name="testCase" finished-at="2025-01-27T18:58:21 IST" duration-ms="1974" status="PASS">
          <reporter-output>
          </reporter-output>
        </test-method> <!-- testCase -->
      </class> <!-- firstGetRequest -->
    </test> <!-- Default test -->
  </suite> <!-- Default suite -->
</testng-results>
